[debug] [2024-07-25T19:55:39.977Z] ----------------------------------------------------------------------
[debug] [2024-07-25T19:55:39.980Z] Command:       C:\Users\alale\DOWNLO~1\firebase-tools-instant-win.exe C:\Users\alale\.cache\firebase\tools\lib\node_modules\firebase-tools\lib\bin\firebase init hosting
[debug] [2024-07-25T19:55:39.980Z] CLI Version:   13.14.1
[debug] [2024-07-25T19:55:39.980Z] Platform:      win32
[debug] [2024-07-25T19:55:39.980Z] Node Version:  v18.5.0
[debug] [2024-07-25T19:55:39.981Z] Time:          Thu Jul 25 2024 22:55:39 GMT+0300 (GMT+03:00)
[debug] [2024-07-25T19:55:39.982Z] ----------------------------------------------------------------------
[debug] 
[debug] [2024-07-25T19:55:40.064Z] > command requires scopes: ["email","openid","https://www.googleapis.com/auth/cloudplatformprojects.readonly","https://www.googleapis.com/auth/firebase","https://www.googleapis.com/auth/cloud-platform"]
[debug] [2024-07-25T19:55:40.065Z] > authorizing via signed-in user (baranovaleksej514@gmail.com)
[info] 
     ######## #### ########  ######## ########     ###     ######  ########
     ##        ##  ##     ## ##       ##     ##  ##   ##  ##       ##
     ######    ##  ########  ######   ########  #########  ######  ######
     ##        ##  ##    ##  ##       ##     ## ##     ##       ## ##
     ##       #### ##     ## ######## ########  ##     ##  ######  ########

You're about to initialize a Firebase project in this directory:

  C:\OSPanel\domains\recepies.ru

Before we get started, keep in mind:

  * You are currently outside your home directory
  * You are initializing within an existing Firebase project directory

